TN:
SF:src\aes.ts
FN:17,encrypt
FN:49,decrypt
FNF:2
FNH:2
FNDA:8,encrypt
FNDA:9,decrypt
DA:6,1
DA:7,1
DA:22,8
DA:23,7
DA:24,7
DA:25,2
DA:28,5
DA:29,5
DA:30,5
DA:36,5
DA:54,9
DA:55,8
DA:56,2
DA:58,6
DA:59,1
DA:62,5
DA:63,5
DA:69,2
LF:18
LH:18
BRDA:24,0,0,2
BRDA:24,0,1,5
BRDA:29,1,0,2
BRDA:29,1,1,3
BRDA:29,2,0,5
BRDA:29,2,1,2
BRDA:55,3,0,2
BRDA:55,3,1,6
BRDA:55,4,0,8
BRDA:55,4,1,8
BRDA:55,4,2,7
BRDA:58,5,0,1
BRDA:58,5,1,5
BRDA:58,6,0,6
BRDA:58,6,1,6
BRDA:62,7,0,1
BRDA:62,7,1,4
BRDA:62,8,0,5
BRDA:62,8,1,1
BRF:19
BRH:19
end_of_record
TN:
SF:src\kdf.ts
FN:21,toArrayBuffer
FN:53,deriveKdfKey
FN:92,deriveArgon2
FN:111,derivePbkdf2
FNF:4
FNH:4
FNDA:20,toArrayBuffer
FNDA:10,deriveKdfKey
FNDA:8,deriveArgon2
FNDA:3,derivePbkdf2
DA:4,4
DA:6,4
DA:10,4
DA:11,4
DA:12,4
DA:13,4
DA:23,20
DA:26,7
DA:27,0
DA:28,0
DA:29,0
DA:33,7
DA:34,7
DA:35,7
DA:36,7
DA:37,7
DA:43,0
DA:54,10
DA:55,0
DA:62,10
DA:64,2
DA:65,2
DA:67,8
DA:68,8
DA:72,1
DA:73,1
DA:78,10
DA:81,10
DA:89,10
DA:94,8
DA:97,7
DA:108,7
DA:113,3
DA:115,3
DA:116,3
DA:125,3
DA:136,3
LF:37
LH:32
BRDA:10,0,0,4
BRDA:10,0,1,4
BRDA:11,1,0,4
BRDA:11,1,1,4
BRDA:12,2,0,4
BRDA:12,2,1,4
BRDA:13,3,0,4
BRDA:13,3,1,4
BRDA:23,4,0,13
BRDA:23,4,1,7
BRDA:26,5,0,0
BRDA:26,5,1,7
BRDA:26,6,0,7
BRDA:26,6,1,7
BRDA:33,7,0,7
BRDA:33,7,1,0
BRDA:54,8,0,0
BRDA:54,8,1,10
BRDA:54,9,0,10
BRDA:54,9,1,10
BRDA:62,10,0,2
BRDA:62,10,1,8
BRF:22
BRH:19
end_of_record
TN:
SF:src\keywrap.ts
FN:21,wrapKey
FN:56,unwrapKey
FNF:2
FNH:2
FNDA:5,wrapKey
FNDA:7,unwrapKey
DA:6,1
DA:7,1
DA:8,1
DA:9,1
DA:10,1
DA:25,5
DA:26,4
DA:28,3
DA:29,3
DA:30,3
DA:36,3
DA:45,3
DA:60,7
DA:61,6
DA:62,1
DA:65,5
DA:66,5
DA:67,5
DA:68,5
DA:69,1
DA:72,4
DA:73,4
DA:74,1
DA:77,3
DA:79,3
DA:80,3
DA:81,0
DA:84,3
DA:85,3
DA:87,3
DA:89,3
DA:95,1
DA:103,1
LF:33
LH:32
BRDA:61,0,0,1
BRDA:61,0,1,5
BRDA:61,1,0,6
BRDA:61,1,1,6
BRDA:68,2,0,1
BRDA:68,2,1,4
BRDA:73,3,0,1
BRDA:73,3,1,3
BRDA:80,4,0,0
BRDA:80,4,1,3
BRF:10
BRH:9
end_of_record
TN:
SF:src\util.ts
FN:11,randomBytes
FN:23,concatBuffers
FN:24,(anonymous_2)
FN:44,toUint8Array
FN:54,assertIsCryptoKey
FNF:5
FNH:5
FNDA:8,randomBytes
FNDA:3,concatBuffers
FNDA:18,(anonymous_2)
FNDA:7,toUint8Array
FNDA:33,assertIsCryptoKey
DA:4,2
DA:12,8
DA:13,0
DA:15,8
DA:24,18
DA:25,3
DA:26,3
DA:27,3
DA:28,18
DA:29,18
DA:30,18
DA:32,0
DA:33,0
DA:36,3
DA:45,7
DA:55,33
DA:56,5
DA:58,28
DA:59,0
DA:61,28
DA:62,0
DA:64,28
DA:65,28
DA:66,25
DA:67,0
LF:25
LH:19
BRDA:12,0,0,0
BRDA:12,0,1,8
BRDA:12,1,0,8
BRDA:12,1,1,8
BRDA:24,2,0,18
BRDA:24,2,1,0
BRDA:28,3,0,18
BRDA:28,3,1,0
BRDA:45,4,0,6
BRDA:45,4,1,1
BRDA:55,5,0,5
BRDA:55,5,1,28
BRDA:55,6,0,33
BRDA:55,6,1,33
BRDA:55,6,2,33
BRDA:58,7,0,0
BRDA:58,7,1,28
BRDA:61,8,0,0
BRDA:61,8,1,28
BRDA:64,9,0,3
BRDA:64,9,1,25
BRDA:66,10,0,0
BRDA:66,10,1,25
BRF:23
BRH:17
end_of_record
